10:22:04 INFO  : Registering command handlers for SDK TCF services
10:22:05 INFO  : Launching XSCT server: xsct.bat -interactive C:\Users\thoms\minized_tutorial\minized_tutorial.sdk\temp_xsdb_launch_script.tcl
10:22:08 INFO  : XSCT server has started successfully.
10:22:11 INFO  : Successfully done setting XSCT server connection channel  
10:22:11 INFO  : Successfully done setting SDK workspace  
10:22:11 INFO  : Processing command line option -hwspec C:/Users/thoms/minized_tutorial/minized_tutorial.sdk/design_1_wrapper.hdf.
10:23:41 INFO  : Example project minized_led_bsp_xgpiops_polled_example_1 has been created successfully.
10:28:35 INFO  : Refreshed build settings on project minized_led
10:28:35 INFO  : Refreshed build settings on project minized_led_bsp_xgpiops_polled_example_1
10:30:22 INFO  : Connected to target on host '127.0.0.1' and port '3121'.
10:30:23 INFO  : Jtag cable 'Avnet MiniZed V1 1234-oj1A' is selected.
10:30:23 INFO  : 'jtag frequency' command is executed.
10:30:23 INFO  : Sourcing of 'C:/Users/thoms/minized_tutorial/minized_tutorial.sdk/design_1_wrapper_hw_platform_0/ps7_init.tcl' is done.
10:30:24 INFO  : Context for 'APU' is selected.
10:30:24 INFO  : System reset is completed.
10:30:27 INFO  : 'after 3000' command is executed.
10:30:27 INFO  : 'targets -set -filter {jtag_cable_name =~ "Avnet MiniZed V1 1234-oj1A" && level==0} -index 1' command is executed.
10:30:28 INFO  : FPGA configured successfully with bitstream "C:/Users/thoms/minized_tutorial/minized_tutorial.sdk/design_1_wrapper_hw_platform_0/design_1_wrapper.bit"
10:30:29 INFO  : Context for 'APU' is selected.
10:30:29 INFO  : Hardware design information is loaded from 'C:/Users/thoms/minized_tutorial/minized_tutorial.sdk/design_1_wrapper_hw_platform_0/system.hdf'.
10:30:29 INFO  : 'configparams force-mem-access 1' command is executed.
10:30:29 INFO  : Context for 'APU' is selected.
10:30:29 INFO  : 'ps7_init' command is executed.
10:30:29 INFO  : 'ps7_post_config' command is executed.
10:30:29 INFO  : 'configparams force-mem-access 0' command is executed.
10:30:29 INFO  : ----------------XSDB Script----------------
connect -url tcp:127.0.0.1:3121
source C:/Users/thoms/minized_tutorial/minized_tutorial.sdk/design_1_wrapper_hw_platform_0/ps7_init.tcl
targets -set -nocase -filter {name =~"APU*" && jtag_cable_name =~ "Avnet MiniZed V1 1234-oj1A"} -index 0
rst -system
after 3000
targets -set -filter {jtag_cable_name =~ "Avnet MiniZed V1 1234-oj1A" && level==0} -index 1
fpga -file C:/Users/thoms/minized_tutorial/minized_tutorial.sdk/design_1_wrapper_hw_platform_0/design_1_wrapper.bit
targets -set -nocase -filter {name =~"APU*" && jtag_cable_name =~ "Avnet MiniZed V1 1234-oj1A"} -index 0
loadhw -hw C:/Users/thoms/minized_tutorial/minized_tutorial.sdk/design_1_wrapper_hw_platform_0/system.hdf -mem-ranges [list {0x40000000 0xbfffffff}]
configparams force-mem-access 1
targets -set -nocase -filter {name =~"APU*" && jtag_cable_name =~ "Avnet MiniZed V1 1234-oj1A"} -index 0
ps7_init
ps7_post_config
configparams force-mem-access 0
----------------End of Script----------------

10:30:29 INFO  : Disconnected from the channel tcfchan#1.
10:31:32 INFO  : Connected to target on host '127.0.0.1' and port '3121'.
10:31:33 INFO  : Jtag cable 'Avnet MiniZed V1 1234-oj1A' is selected.
10:31:33 INFO  : 'jtag frequency' command is executed.
10:31:33 INFO  : Sourcing of 'C:/Users/thoms/minized_tutorial/minized_tutorial.sdk/design_1_wrapper_hw_platform_0/ps7_init.tcl' is done.
10:31:34 INFO  : Context for 'APU' is selected.
10:31:34 INFO  : System reset is completed.
10:31:37 INFO  : 'after 3000' command is executed.
10:31:37 INFO  : 'targets -set -filter {jtag_cable_name =~ "Avnet MiniZed V1 1234-oj1A" && level==0} -index 1' command is executed.
10:31:38 INFO  : FPGA configured successfully with bitstream "C:/Users/thoms/minized_tutorial/minized_tutorial.sdk/design_1_wrapper_hw_platform_0/design_1_wrapper.bit"
10:31:39 INFO  : Context for 'APU' is selected.
10:31:41 INFO  : Hardware design information is loaded from 'C:/Users/thoms/minized_tutorial/minized_tutorial.sdk/design_1_wrapper_hw_platform_0/system.hdf'.
10:31:41 INFO  : 'configparams force-mem-access 1' command is executed.
10:31:41 INFO  : Context for 'APU' is selected.
10:31:42 INFO  : 'ps7_init' command is executed.
10:31:42 INFO  : 'ps7_post_config' command is executed.
10:31:42 INFO  : 'configparams force-mem-access 0' command is executed.
10:31:42 INFO  : ----------------XSDB Script----------------
connect -url tcp:127.0.0.1:3121
source C:/Users/thoms/minized_tutorial/minized_tutorial.sdk/design_1_wrapper_hw_platform_0/ps7_init.tcl
targets -set -nocase -filter {name =~"APU*" && jtag_cable_name =~ "Avnet MiniZed V1 1234-oj1A"} -index 0
rst -system
after 3000
targets -set -filter {jtag_cable_name =~ "Avnet MiniZed V1 1234-oj1A" && level==0} -index 1
fpga -file C:/Users/thoms/minized_tutorial/minized_tutorial.sdk/design_1_wrapper_hw_platform_0/design_1_wrapper.bit
targets -set -nocase -filter {name =~"APU*" && jtag_cable_name =~ "Avnet MiniZed V1 1234-oj1A"} -index 0
loadhw -hw C:/Users/thoms/minized_tutorial/minized_tutorial.sdk/design_1_wrapper_hw_platform_0/system.hdf -mem-ranges [list {0x40000000 0xbfffffff}]
configparams force-mem-access 1
targets -set -nocase -filter {name =~"APU*" && jtag_cable_name =~ "Avnet MiniZed V1 1234-oj1A"} -index 0
ps7_init
ps7_post_config
configparams force-mem-access 0
----------------End of Script----------------

10:31:42 INFO  : Disconnected from the channel tcfchan#2.
10:35:52 INFO  : 'targets -set -filter {jtag_cable_name =~ "Avnet MiniZed V1 1234-oj1A" && level==0} -index 1' command is executed.
10:35:52 INFO  : 'fpga -state' command is executed.
10:35:52 INFO  : Connected to target on host '127.0.0.1' and port '3121'.
10:35:52 INFO  : Jtag cable 'Avnet MiniZed V1 1234-oj1A' is selected.
10:35:52 INFO  : 'jtag frequency' command is executed.
10:35:52 INFO  : Sourcing of 'C:/Users/thoms/minized_tutorial/minized_tutorial.sdk/design_1_wrapper_hw_platform_0/ps7_init.tcl' is done.
10:35:52 INFO  : Context for 'APU' is selected.
10:35:54 INFO  : Hardware design information is loaded from 'C:/Users/thoms/minized_tutorial/minized_tutorial.sdk/design_1_wrapper_hw_platform_0/system.hdf'.
10:35:54 INFO  : 'configparams force-mem-access 1' command is executed.
10:35:54 INFO  : Context for 'APU' is selected.
10:35:54 INFO  : 'stop' command is executed.
10:35:55 INFO  : 'ps7_init' command is executed.
10:35:55 INFO  : 'ps7_post_config' command is executed.
10:35:55 INFO  : Context for processor 'ps7_cortexa9_0' is selected.
10:35:55 INFO  : Processor reset is completed for 'ps7_cortexa9_0'.
10:35:55 INFO  : Context for processor 'ps7_cortexa9_0' is selected.
10:35:55 INFO  : The application 'C:/Users/thoms/minized_tutorial/minized_tutorial.sdk/minized_led_bsp_xgpiops_polled_example_1/Debug/minized_led_bsp_xgpiops_polled_example_1.elf' is downloaded to processor 'ps7_cortexa9_0'.
10:35:55 INFO  : 'configparams force-mem-access 0' command is executed.
10:35:55 INFO  : ----------------XSDB Script----------------
connect -url tcp:127.0.0.1:3121
source C:/Users/thoms/minized_tutorial/minized_tutorial.sdk/design_1_wrapper_hw_platform_0/ps7_init.tcl
targets -set -nocase -filter {name =~"APU*" && jtag_cable_name =~ "Avnet MiniZed V1 1234-oj1A"} -index 0
loadhw -hw C:/Users/thoms/minized_tutorial/minized_tutorial.sdk/design_1_wrapper_hw_platform_0/system.hdf -mem-ranges [list {0x40000000 0xbfffffff}]
configparams force-mem-access 1
targets -set -nocase -filter {name =~"APU*" && jtag_cable_name =~ "Avnet MiniZed V1 1234-oj1A"} -index 0
stop
ps7_init
ps7_post_config
targets -set -nocase -filter {name =~ "ARM*#0" && jtag_cable_name =~ "Avnet MiniZed V1 1234-oj1A"} -index 0
rst -processor
targets -set -nocase -filter {name =~ "ARM*#0" && jtag_cable_name =~ "Avnet MiniZed V1 1234-oj1A"} -index 0
dow C:/Users/thoms/minized_tutorial/minized_tutorial.sdk/minized_led_bsp_xgpiops_polled_example_1/Debug/minized_led_bsp_xgpiops_polled_example_1.elf
configparams force-mem-access 0
----------------End of Script----------------

10:35:55 INFO  : Memory regions updated for context APU
10:35:55 INFO  : Context for processor 'ps7_cortexa9_0' is selected.
10:35:55 INFO  : 'con' command is executed.
10:35:55 INFO  : ----------------XSDB Script (After Launch)----------------
targets -set -nocase -filter {name =~ "ARM*#0" && jtag_cable_name =~ "Avnet MiniZed V1 1234-oj1A"} -index 0
con
----------------End of Script----------------

10:35:55 INFO  : Launch script is exported to file 'C:\Users\thoms\minized_tutorial\minized_tutorial.sdk\.sdk\launch_scripts\xilinx_c-c++_application_(system_debugger)\system_debugger_using_debug_minized_led_bsp_xgpiops_polled_example_1.elf_on_local.tcl'
10:36:27 INFO  : Connected to target on host '127.0.0.1' and port '3121'.
10:36:29 INFO  : Connected to target on host '127.0.0.1' and port '3121'.
10:36:37 INFO  : Disconnected from the channel tcfchan#3.
10:36:38 INFO  : 'targets -set -filter {jtag_cable_name =~ "Avnet MiniZed V1 1234-oj1A" && level==0} -index 1' command is executed.
10:36:38 INFO  : 'fpga -state' command is executed.
10:36:38 INFO  : Connected to target on host '127.0.0.1' and port '3121'.
10:36:38 INFO  : Jtag cable 'Avnet MiniZed V1 1234-oj1A' is selected.
10:36:38 INFO  : 'jtag frequency' command is executed.
10:36:38 INFO  : Sourcing of 'C:/Users/thoms/minized_tutorial/minized_tutorial.sdk/design_1_wrapper_hw_platform_0/ps7_init.tcl' is done.
10:36:38 INFO  : Context for 'APU' is selected.
10:36:40 INFO  : Hardware design information is loaded from 'C:/Users/thoms/minized_tutorial/minized_tutorial.sdk/design_1_wrapper_hw_platform_0/system.hdf'.
10:36:40 INFO  : 'configparams force-mem-access 1' command is executed.
10:36:40 INFO  : Context for 'APU' is selected.
10:36:40 INFO  : 'stop' command is executed.
10:36:40 INFO  : 'ps7_init' command is executed.
10:36:40 INFO  : 'ps7_post_config' command is executed.
10:36:40 INFO  : Context for processor 'ps7_cortexa9_0' is selected.
10:36:40 INFO  : Processor reset is completed for 'ps7_cortexa9_0'.
10:36:40 INFO  : Context for processor 'ps7_cortexa9_0' is selected.
10:36:40 INFO  : The application 'C:/Users/thoms/minized_tutorial/minized_tutorial.sdk/minized_led_bsp_xgpiops_polled_example_1/Debug/minized_led_bsp_xgpiops_polled_example_1.elf' is downloaded to processor 'ps7_cortexa9_0'.
10:36:40 INFO  : 'configparams force-mem-access 0' command is executed.
10:36:40 INFO  : ----------------XSDB Script----------------
connect -url tcp:127.0.0.1:3121
source C:/Users/thoms/minized_tutorial/minized_tutorial.sdk/design_1_wrapper_hw_platform_0/ps7_init.tcl
targets -set -nocase -filter {name =~"APU*" && jtag_cable_name =~ "Avnet MiniZed V1 1234-oj1A"} -index 0
loadhw -hw C:/Users/thoms/minized_tutorial/minized_tutorial.sdk/design_1_wrapper_hw_platform_0/system.hdf -mem-ranges [list {0x40000000 0xbfffffff}]
configparams force-mem-access 1
targets -set -nocase -filter {name =~"APU*" && jtag_cable_name =~ "Avnet MiniZed V1 1234-oj1A"} -index 0
stop
ps7_init
ps7_post_config
targets -set -nocase -filter {name =~ "ARM*#0" && jtag_cable_name =~ "Avnet MiniZed V1 1234-oj1A"} -index 0
rst -processor
targets -set -nocase -filter {name =~ "ARM*#0" && jtag_cable_name =~ "Avnet MiniZed V1 1234-oj1A"} -index 0
dow C:/Users/thoms/minized_tutorial/minized_tutorial.sdk/minized_led_bsp_xgpiops_polled_example_1/Debug/minized_led_bsp_xgpiops_polled_example_1.elf
configparams force-mem-access 0
----------------End of Script----------------

10:36:40 INFO  : Memory regions updated for context APU
10:36:40 INFO  : Context for processor 'ps7_cortexa9_0' is selected.
10:36:40 INFO  : 'con' command is executed.
10:36:40 INFO  : ----------------XSDB Script (After Launch)----------------
targets -set -nocase -filter {name =~ "ARM*#0" && jtag_cable_name =~ "Avnet MiniZed V1 1234-oj1A"} -index 0
con
----------------End of Script----------------

10:36:40 INFO  : Launch script is exported to file 'C:\Users\thoms\minized_tutorial\minized_tutorial.sdk\.sdk\launch_scripts\xilinx_c-c++_application_(system_debugger)\system_debugger_using_debug_minized_led_bsp_xgpiops_polled_example_1.elf_on_local.tcl'
10:37:11 INFO  : Disconnected from the channel tcfchan#4.
10:37:12 INFO  : 'targets -set -filter {jtag_cable_name =~ "Avnet MiniZed V1 1234-oj1A" && level==0} -index 1' command is executed.
10:37:12 INFO  : 'fpga -state' command is executed.
10:37:12 INFO  : Connected to target on host '127.0.0.1' and port '3121'.
10:37:12 INFO  : Jtag cable 'Avnet MiniZed V1 1234-oj1A' is selected.
10:37:12 INFO  : 'jtag frequency' command is executed.
10:37:12 INFO  : Sourcing of 'C:/Users/thoms/minized_tutorial/minized_tutorial.sdk/design_1_wrapper_hw_platform_0/ps7_init.tcl' is done.
10:37:12 INFO  : Context for 'APU' is selected.
10:37:14 INFO  : Hardware design information is loaded from 'C:/Users/thoms/minized_tutorial/minized_tutorial.sdk/design_1_wrapper_hw_platform_0/system.hdf'.
10:37:14 INFO  : 'configparams force-mem-access 1' command is executed.
10:37:14 INFO  : Context for 'APU' is selected.
10:37:14 INFO  : 'stop' command is executed.
10:37:14 INFO  : 'ps7_init' command is executed.
10:37:14 INFO  : 'ps7_post_config' command is executed.
10:37:14 INFO  : Context for processor 'ps7_cortexa9_0' is selected.
10:37:15 INFO  : Processor reset is completed for 'ps7_cortexa9_0'.
10:37:15 INFO  : Context for processor 'ps7_cortexa9_0' is selected.
10:37:15 INFO  : The application 'C:/Users/thoms/minized_tutorial/minized_tutorial.sdk/minized_led_bsp_xgpiops_polled_example_1/Debug/minized_led_bsp_xgpiops_polled_example_1.elf' is downloaded to processor 'ps7_cortexa9_0'.
10:37:15 INFO  : 'configparams force-mem-access 0' command is executed.
10:37:15 INFO  : ----------------XSDB Script----------------
connect -url tcp:127.0.0.1:3121
source C:/Users/thoms/minized_tutorial/minized_tutorial.sdk/design_1_wrapper_hw_platform_0/ps7_init.tcl
targets -set -nocase -filter {name =~"APU*" && jtag_cable_name =~ "Avnet MiniZed V1 1234-oj1A"} -index 0
loadhw -hw C:/Users/thoms/minized_tutorial/minized_tutorial.sdk/design_1_wrapper_hw_platform_0/system.hdf -mem-ranges [list {0x40000000 0xbfffffff}]
configparams force-mem-access 1
targets -set -nocase -filter {name =~"APU*" && jtag_cable_name =~ "Avnet MiniZed V1 1234-oj1A"} -index 0
stop
ps7_init
ps7_post_config
targets -set -nocase -filter {name =~ "ARM*#0" && jtag_cable_name =~ "Avnet MiniZed V1 1234-oj1A"} -index 0
rst -processor
targets -set -nocase -filter {name =~ "ARM*#0" && jtag_cable_name =~ "Avnet MiniZed V1 1234-oj1A"} -index 0
dow C:/Users/thoms/minized_tutorial/minized_tutorial.sdk/minized_led_bsp_xgpiops_polled_example_1/Debug/minized_led_bsp_xgpiops_polled_example_1.elf
configparams force-mem-access 0
----------------End of Script----------------

10:37:15 INFO  : Memory regions updated for context APU
10:37:15 INFO  : Context for processor 'ps7_cortexa9_0' is selected.
10:37:15 INFO  : 'con' command is executed.
10:37:15 INFO  : ----------------XSDB Script (After Launch)----------------
targets -set -nocase -filter {name =~ "ARM*#0" && jtag_cable_name =~ "Avnet MiniZed V1 1234-oj1A"} -index 0
con
----------------End of Script----------------

10:37:15 INFO  : Launch script is exported to file 'C:\Users\thoms\minized_tutorial\minized_tutorial.sdk\.sdk\launch_scripts\xilinx_c-c++_application_(system_debugger)\system_debugger_using_debug_minized_led_bsp_xgpiops_polled_example_1.elf_on_local.tcl'
10:38:09 INFO  : Connected to target on host '127.0.0.1' and port '3121'.
10:38:10 INFO  : Jtag cable 'Avnet MiniZed V1 1234-oj1A' is selected.
10:38:10 INFO  : 'jtag frequency' command is executed.
10:38:10 INFO  : Sourcing of 'C:/Users/thoms/minized_tutorial/minized_tutorial.sdk/design_1_wrapper_hw_platform_0/ps7_init.tcl' is done.
10:38:10 INFO  : Context for 'APU' is selected.
10:38:10 INFO  : System reset is completed.
10:38:13 INFO  : 'after 3000' command is executed.
10:38:13 INFO  : 'targets -set -filter {jtag_cable_name =~ "Avnet MiniZed V1 1234-oj1A" && level==0} -index 1' command is executed.
10:38:14 INFO  : FPGA configured successfully with bitstream "C:/Users/thoms/minized_tutorial/minized_tutorial.sdk/design_1_wrapper_hw_platform_0/design_1_wrapper.bit"
10:38:14 INFO  : Context for 'APU' is selected.
10:38:14 INFO  : Hardware design information is loaded from 'C:/Users/thoms/minized_tutorial/minized_tutorial.sdk/design_1_wrapper_hw_platform_0/system.hdf'.
10:38:14 INFO  : 'configparams force-mem-access 1' command is executed.
10:38:14 INFO  : Context for 'APU' is selected.
10:38:14 INFO  : 'ps7_init' command is executed.
10:38:14 INFO  : 'ps7_post_config' command is executed.
10:38:14 INFO  : 'configparams force-mem-access 0' command is executed.
10:38:14 INFO  : ----------------XSDB Script----------------
connect -url tcp:127.0.0.1:3121
source C:/Users/thoms/minized_tutorial/minized_tutorial.sdk/design_1_wrapper_hw_platform_0/ps7_init.tcl
targets -set -nocase -filter {name =~"APU*" && jtag_cable_name =~ "Avnet MiniZed V1 1234-oj1A"} -index 0
rst -system
after 3000
targets -set -filter {jtag_cable_name =~ "Avnet MiniZed V1 1234-oj1A" && level==0} -index 1
fpga -file C:/Users/thoms/minized_tutorial/minized_tutorial.sdk/design_1_wrapper_hw_platform_0/design_1_wrapper.bit
targets -set -nocase -filter {name =~"APU*" && jtag_cable_name =~ "Avnet MiniZed V1 1234-oj1A"} -index 0
loadhw -hw C:/Users/thoms/minized_tutorial/minized_tutorial.sdk/design_1_wrapper_hw_platform_0/system.hdf -mem-ranges [list {0x40000000 0xbfffffff}]
configparams force-mem-access 1
targets -set -nocase -filter {name =~"APU*" && jtag_cable_name =~ "Avnet MiniZed V1 1234-oj1A"} -index 0
ps7_init
ps7_post_config
configparams force-mem-access 0
----------------End of Script----------------

10:38:14 INFO  : Disconnected from the channel tcfchan#5.
19:17:15 WARN  : channel "tcfchan#5" closed
16:07:21 INFO  : Registering command handlers for SDK TCF services
16:07:21 INFO  : Launching XSCT server: xsct.bat -interactive C:\Users\thoms\minized_tutorial\minized_tutorial.sdk\temp_xsdb_launch_script.tcl
16:07:25 INFO  : XSCT server has started successfully.
16:07:28 INFO  : Successfully done setting XSCT server connection channel  
16:07:28 INFO  : Successfully done setting SDK workspace  
16:07:28 INFO  : Processing command line option -hwspec C:/Users/thoms/minized_tutorial/minized_tutorial.sdk/design_1_wrapper.hdf.
16:07:28 INFO  : Checking for hwspec changes in the project design_1_wrapper_hw_platform_0.
16:07:32 INFO  : SDK has detected change in the last modified timestamps for source hardware specification file Source:1701011148764,  Project:1700731246693
16:07:32 INFO  : The hardware specification for project 'design_1_wrapper_hw_platform_0' is different from C:/Users/thoms/minized_tutorial/minized_tutorial.sdk/design_1_wrapper.hdf.
16:07:32 INFO  : Copied contents of C:/Users/thoms/minized_tutorial/minized_tutorial.sdk/design_1_wrapper.hdf into \design_1_wrapper_hw_platform_0\system.hdf.
16:07:35 INFO  : Synchronizing projects in the workspace with the hardware platform specification changes.
16:07:38 INFO  : 
16:07:39 INFO  : Updating hardware inferred compiler options for minized_led.
16:07:40 INFO  : Updating hardware inferred compiler options for minized_led_bsp_xgpiops_polled_example_1.
16:07:40 INFO  : Clearing existing target manager status.
16:12:55 INFO  : Refreshed build settings on project hello_world
16:17:04 INFO  : Connected to target on host '127.0.0.1' and port '3121'.
16:17:05 INFO  : Jtag cable 'Avnet MiniZed V1 1234-oj1A' is selected.
16:17:05 INFO  : 'jtag frequency' command is executed.
16:17:05 INFO  : Sourcing of 'C:/Users/thoms/minized_tutorial/minized_tutorial.sdk/design_1_wrapper_hw_platform_0/ps7_init.tcl' is done.
16:17:05 INFO  : Context for 'APU' is selected.
16:17:05 INFO  : System reset is completed.
16:17:08 INFO  : 'after 3000' command is executed.
16:17:08 INFO  : 'targets -set -filter {jtag_cable_name =~ "Avnet MiniZed V1 1234-oj1A" && level==0} -index 1' command is executed.
16:17:09 INFO  : FPGA configured successfully with bitstream "C:/Users/thoms/minized_tutorial/minized_tutorial.sdk/design_1_wrapper_hw_platform_0/design_1_wrapper.bit"
16:17:09 INFO  : Context for 'APU' is selected.
16:17:09 INFO  : Hardware design information is loaded from 'C:/Users/thoms/minized_tutorial/minized_tutorial.sdk/design_1_wrapper_hw_platform_0/system.hdf'.
16:17:09 INFO  : 'configparams force-mem-access 1' command is executed.
16:17:09 INFO  : Context for 'APU' is selected.
16:17:09 INFO  : 'ps7_init' command is executed.
16:17:09 INFO  : 'ps7_post_config' command is executed.
16:17:10 INFO  : Context for processor 'ps7_cortexa9_0' is selected.
16:17:10 INFO  : The application 'C:/Users/thoms/minized_tutorial/minized_tutorial.sdk/hello_world/Debug/hello_world.elf' is downloaded to processor 'ps7_cortexa9_0'.
16:17:10 INFO  : 'configparams force-mem-access 0' command is executed.
16:17:10 INFO  : ----------------XSDB Script----------------
connect -url tcp:127.0.0.1:3121
source C:/Users/thoms/minized_tutorial/minized_tutorial.sdk/design_1_wrapper_hw_platform_0/ps7_init.tcl
targets -set -nocase -filter {name =~"APU*" && jtag_cable_name =~ "Avnet MiniZed V1 1234-oj1A"} -index 0
rst -system
after 3000
targets -set -filter {jtag_cable_name =~ "Avnet MiniZed V1 1234-oj1A" && level==0} -index 1
fpga -file C:/Users/thoms/minized_tutorial/minized_tutorial.sdk/design_1_wrapper_hw_platform_0/design_1_wrapper.bit
targets -set -nocase -filter {name =~"APU*" && jtag_cable_name =~ "Avnet MiniZed V1 1234-oj1A"} -index 0
loadhw -hw C:/Users/thoms/minized_tutorial/minized_tutorial.sdk/design_1_wrapper_hw_platform_0/system.hdf -mem-ranges [list {0x40000000 0xbfffffff}]
configparams force-mem-access 1
targets -set -nocase -filter {name =~"APU*" && jtag_cable_name =~ "Avnet MiniZed V1 1234-oj1A"} -index 0
ps7_init
ps7_post_config
targets -set -nocase -filter {name =~ "ARM*#0" && jtag_cable_name =~ "Avnet MiniZed V1 1234-oj1A"} -index 0
dow C:/Users/thoms/minized_tutorial/minized_tutorial.sdk/hello_world/Debug/hello_world.elf
configparams force-mem-access 0
----------------End of Script----------------

16:17:10 INFO  : Context for processor 'ps7_cortexa9_0' is selected.
16:17:10 INFO  : 'con' command is executed.
16:17:10 INFO  : ----------------XSDB Script (After Launch)----------------
targets -set -nocase -filter {name =~ "ARM*#0" && jtag_cable_name =~ "Avnet MiniZed V1 1234-oj1A"} -index 0
con
----------------End of Script----------------

16:17:10 INFO  : Disconnected from the channel tcfchan#1.
16:18:37 INFO  : Connected to target on host '127.0.0.1' and port '3121'.
16:18:38 INFO  : Jtag cable 'Avnet MiniZed V1 1234-oj1A' is selected.
16:18:38 INFO  : 'jtag frequency' command is executed.
16:18:38 INFO  : Sourcing of 'C:/Users/thoms/minized_tutorial/minized_tutorial.sdk/design_1_wrapper_hw_platform_0/ps7_init.tcl' is done.
16:18:38 INFO  : Context for 'APU' is selected.
16:18:38 INFO  : System reset is completed.
16:18:41 INFO  : 'after 3000' command is executed.
16:18:41 INFO  : 'targets -set -filter {jtag_cable_name =~ "Avnet MiniZed V1 1234-oj1A" && level==0} -index 1' command is executed.
16:18:42 INFO  : FPGA configured successfully with bitstream "C:/Users/thoms/minized_tutorial/minized_tutorial.sdk/design_1_wrapper_hw_platform_0/design_1_wrapper.bit"
16:18:42 INFO  : Context for 'APU' is selected.
16:18:42 INFO  : Hardware design information is loaded from 'C:/Users/thoms/minized_tutorial/minized_tutorial.sdk/design_1_wrapper_hw_platform_0/system.hdf'.
16:18:42 INFO  : 'configparams force-mem-access 1' command is executed.
16:18:42 INFO  : Context for 'APU' is selected.
16:18:42 INFO  : 'ps7_init' command is executed.
16:18:42 INFO  : 'ps7_post_config' command is executed.
16:18:42 INFO  : Context for processor 'ps7_cortexa9_0' is selected.
16:18:43 INFO  : The application 'C:/Users/thoms/minized_tutorial/minized_tutorial.sdk/hello_world/Debug/hello_world.elf' is downloaded to processor 'ps7_cortexa9_0'.
16:18:43 INFO  : 'configparams force-mem-access 0' command is executed.
16:18:43 INFO  : ----------------XSDB Script----------------
connect -url tcp:127.0.0.1:3121
source C:/Users/thoms/minized_tutorial/minized_tutorial.sdk/design_1_wrapper_hw_platform_0/ps7_init.tcl
targets -set -nocase -filter {name =~"APU*" && jtag_cable_name =~ "Avnet MiniZed V1 1234-oj1A"} -index 0
rst -system
after 3000
targets -set -filter {jtag_cable_name =~ "Avnet MiniZed V1 1234-oj1A" && level==0} -index 1
fpga -file C:/Users/thoms/minized_tutorial/minized_tutorial.sdk/design_1_wrapper_hw_platform_0/design_1_wrapper.bit
targets -set -nocase -filter {name =~"APU*" && jtag_cable_name =~ "Avnet MiniZed V1 1234-oj1A"} -index 0
loadhw -hw C:/Users/thoms/minized_tutorial/minized_tutorial.sdk/design_1_wrapper_hw_platform_0/system.hdf -mem-ranges [list {0x40000000 0xbfffffff}]
configparams force-mem-access 1
targets -set -nocase -filter {name =~"APU*" && jtag_cable_name =~ "Avnet MiniZed V1 1234-oj1A"} -index 0
ps7_init
ps7_post_config
targets -set -nocase -filter {name =~ "ARM*#0" && jtag_cable_name =~ "Avnet MiniZed V1 1234-oj1A"} -index 0
dow C:/Users/thoms/minized_tutorial/minized_tutorial.sdk/hello_world/Debug/hello_world.elf
configparams force-mem-access 0
----------------End of Script----------------

16:18:43 INFO  : Context for processor 'ps7_cortexa9_0' is selected.
16:18:43 INFO  : 'con' command is executed.
16:18:43 INFO  : ----------------XSDB Script (After Launch)----------------
targets -set -nocase -filter {name =~ "ARM*#0" && jtag_cable_name =~ "Avnet MiniZed V1 1234-oj1A"} -index 0
con
----------------End of Script----------------

16:18:43 INFO  : Disconnected from the channel tcfchan#2.
16:20:57 INFO  : Connected to target on host '127.0.0.1' and port '3121'.
16:20:58 INFO  : Jtag cable 'Avnet MiniZed V1 1234-oj1A' is selected.
16:20:58 INFO  : 'jtag frequency' command is executed.
16:20:58 INFO  : Sourcing of 'C:/Users/thoms/minized_tutorial/minized_tutorial.sdk/design_1_wrapper_hw_platform_0/ps7_init.tcl' is done.
16:20:58 INFO  : Context for 'APU' is selected.
16:20:58 INFO  : System reset is completed.
16:21:01 INFO  : 'after 3000' command is executed.
16:21:01 INFO  : 'targets -set -filter {jtag_cable_name =~ "Avnet MiniZed V1 1234-oj1A" && level==0} -index 1' command is executed.
16:21:02 INFO  : FPGA configured successfully with bitstream "C:/Users/thoms/minized_tutorial/minized_tutorial.sdk/design_1_wrapper_hw_platform_0/design_1_wrapper.bit"
16:21:03 INFO  : Context for 'APU' is selected.
16:21:03 INFO  : Hardware design information is loaded from 'C:/Users/thoms/minized_tutorial/minized_tutorial.sdk/design_1_wrapper_hw_platform_0/system.hdf'.
16:21:03 INFO  : 'configparams force-mem-access 1' command is executed.
16:21:03 INFO  : Context for 'APU' is selected.
16:21:03 INFO  : 'ps7_init' command is executed.
16:21:03 INFO  : 'ps7_post_config' command is executed.
16:21:03 INFO  : Context for processor 'ps7_cortexa9_0' is selected.
16:21:03 INFO  : The application 'C:/Users/thoms/minized_tutorial/minized_tutorial.sdk/hello_world/Debug/hello_world.elf' is downloaded to processor 'ps7_cortexa9_0'.
16:21:03 INFO  : 'configparams force-mem-access 0' command is executed.
16:21:03 INFO  : ----------------XSDB Script----------------
connect -url tcp:127.0.0.1:3121
source C:/Users/thoms/minized_tutorial/minized_tutorial.sdk/design_1_wrapper_hw_platform_0/ps7_init.tcl
targets -set -nocase -filter {name =~"APU*" && jtag_cable_name =~ "Avnet MiniZed V1 1234-oj1A"} -index 0
rst -system
after 3000
targets -set -filter {jtag_cable_name =~ "Avnet MiniZed V1 1234-oj1A" && level==0} -index 1
fpga -file C:/Users/thoms/minized_tutorial/minized_tutorial.sdk/design_1_wrapper_hw_platform_0/design_1_wrapper.bit
targets -set -nocase -filter {name =~"APU*" && jtag_cable_name =~ "Avnet MiniZed V1 1234-oj1A"} -index 0
loadhw -hw C:/Users/thoms/minized_tutorial/minized_tutorial.sdk/design_1_wrapper_hw_platform_0/system.hdf -mem-ranges [list {0x40000000 0xbfffffff}]
configparams force-mem-access 1
targets -set -nocase -filter {name =~"APU*" && jtag_cable_name =~ "Avnet MiniZed V1 1234-oj1A"} -index 0
ps7_init
ps7_post_config
targets -set -nocase -filter {name =~ "ARM*#0" && jtag_cable_name =~ "Avnet MiniZed V1 1234-oj1A"} -index 0
dow C:/Users/thoms/minized_tutorial/minized_tutorial.sdk/hello_world/Debug/hello_world.elf
configparams force-mem-access 0
----------------End of Script----------------

16:21:03 INFO  : Context for processor 'ps7_cortexa9_0' is selected.
16:21:03 INFO  : 'con' command is executed.
16:21:03 INFO  : ----------------XSDB Script (After Launch)----------------
targets -set -nocase -filter {name =~ "ARM*#0" && jtag_cable_name =~ "Avnet MiniZed V1 1234-oj1A"} -index 0
con
----------------End of Script----------------

16:21:03 INFO  : Disconnected from the channel tcfchan#3.
